android/build/intermediates/manifest_merge_blame_file/release/manifest-merger-blame-release-report.txt
1<?xml version="1.0" encoding="utf-8"?>
2<manifest xmlns:android="http://schemas.android.com/apk/res/android"
3    package="com.cryptomodule" >
4
5    <uses-sdk android:minSdkVersion="24" />
6
7    <application>
7-->src/main/AndroidManifest.xml:3:5-4:19
8    </application>
9
10</manifest>